<?xml version="1.0" encoding="UTF-8"?>
<!-- Generated by org.testng.reporters.JUnitXMLReporter -->
<testsuite ignored="0" hostname="helilshahyars-iMac.local" failures="0" tests="5" name="Default test" time="1.823" errors="0" timestamp="2022-12-14T21:30:45 EST">
  <testcase classname="petStoreApiTests.PetStoreApiTests" name="postACat" time="0.99"/>
  <testcase classname="petStoreApiTests.PetStoreApiTests" name="postAPet" time="0.106"/>
  <testcase classname="petStoreApiTests.PetStoreApiTests" name="findPetByStatus" time="0.104"/>
  <testcase classname="petStoreApiTests.PetStoreApiTests" name="getById" time="0.5"/>
  <testcase classname="petStoreApiTests.PetStoreApiTests" name="getPetById" time="0.093"/>
</testsuite> <!-- Default test -->
