<?xml version="1.0" encoding="UTF-8"?>
<!-- Generated by org.testng.reporters.JUnitXMLReporter -->
<testsuite ignored="0" hostname="helilshahyars-iMac.local" failures="0" tests="9" name="Default test" time="3.822" errors="0" timestamp="2022-12-15T21:11:07 EST">
  <testcase classname="petStoreApiTests.PetStoreApiTests" name="chainValidation" time="1.594"/>
  <testcase classname="petStoreApiTests.PetStoreApiTests" name="createCatWithJsonFile" time="0.321"/>
  <testcase classname="petStoreApiTests.PetStoreApiTests" name="invalidIdUpdateCat" time="0.359"/>
  <testcase classname="petStoreApiTests.PetStoreApiTests" name="postACat" time="0.491"/>
  <testcase classname="petStoreApiTests.PetStoreApiTests" name="postAPet" time="0.192"/>
  <testcase classname="petStoreApiTests.PetStoreApiTests" name="findPetByStatus" time="0.097"/>
  <testcase classname="petStoreApiTests.PetStoreApiTests" name="getPetById" time="0.091"/>
  <testcase classname="petStoreApiTests.PetStoreApiTests" name="updateCat" time="0.1"/>
  <testcase classname="petStoreApiTests.PetStoreApiTests" name="getById" time="0.136"/>
</testsuite> <!-- Default test -->
