<?xml version="1.0" encoding="UTF-8"?>
<testng-results ignored="0" total="5" passed="5" failed="0" skipped="0">
  <reporter-output>
  </reporter-output>
  <suite started-at="2022-12-14T21:30:43 EST" name="Default suite" finished-at="2022-12-14T21:30:45 EST" duration-ms="1823">
    <groups>
    </groups>
    <test started-at="2022-12-14T21:30:43 EST" name="Default test" finished-at="2022-12-14T21:30:45 EST" duration-ms="1823">
      <class name="petStoreApiTests.PetStoreApiTests">
        <test-method signature="postACat()[pri:0, instance:petStoreApiTests.PetStoreApiTests@f8c1ddd]" started-at="2022-12-14T21:30:43 EST" name="postACat" finished-at="2022-12-14T21:30:44 EST" duration-ms="990" status="PASS">
          <reporter-output>
          </reporter-output>
        </test-method> <!-- postACat -->
        <test-method signature="postAPet()[pri:0, instance:petStoreApiTests.PetStoreApiTests@f8c1ddd]" started-at="2022-12-14T21:30:44 EST" name="postAPet" finished-at="2022-12-14T21:30:44 EST" duration-ms="106" status="PASS">
          <reporter-output>
          </reporter-output>
        </test-method> <!-- postAPet -->
        <test-method signature="findPetByStatus()[pri:0, instance:petStoreApiTests.PetStoreApiTests@f8c1ddd]" started-at="2022-12-14T21:30:44 EST" name="findPetByStatus" finished-at="2022-12-14T21:30:44 EST" duration-ms="104" status="PASS">
          <reporter-output>
          </reporter-output>
        </test-method> <!-- findPetByStatus -->
        <test-method signature="getById()[pri:0, instance:petStoreApiTests.PetStoreApiTests@f8c1ddd]" started-at="2022-12-14T21:30:44 EST" name="getById" finished-at="2022-12-14T21:30:45 EST" depends-on-methods="petStoreApiTests.PetStoreApiTests.postACat" duration-ms="500" status="PASS">
          <reporter-output>
          </reporter-output>
        </test-method> <!-- getById -->
        <test-method signature="getPetById()[pri:0, instance:petStoreApiTests.PetStoreApiTests@f8c1ddd]" started-at="2022-12-14T21:30:45 EST" name="getPetById" finished-at="2022-12-14T21:30:45 EST" depends-on-methods="petStoreApiTests.PetStoreApiTests.postAPet" duration-ms="93" status="PASS">
          <reporter-output>
          </reporter-output>
        </test-method> <!-- getPetById -->
      </class> <!-- petStoreApiTests.PetStoreApiTests -->
    </test> <!-- Default test -->
  </suite> <!-- Default suite -->
</testng-results>
